<?xml version="1.0" encoding="UTF-8"?>
<testng-results skipped="0" failed="0" ignored="0" total="1" passed="1">
  <reporter-output>
  </reporter-output>
  <suite name="Automation Testing" duration-ms="62075" started-at="2019-01-27T01:12:34 CET" finished-at="2019-01-27T01:13:36 CET">
    <groups>
    </groups>
    <test name="Smoke test" duration-ms="62075" started-at="2019-01-27T01:12:34 CET" finished-at="2019-01-27T01:13:36 CET">
      <class name="Main">
        <test-method status="PASS" signature="beforeClass()[pri:0, instance:Main@69d9c55]" name="beforeClass" is-config="true" duration-ms="13047" started-at="2019-01-27T01:12:34 CET" finished-at="2019-01-27T01:12:47 CET">
          <reporter-output>
          </reporter-output>
        </test-method> <!-- beforeClass -->
        <test-method status="PASS" signature="test()[pri:0, instance:Main@69d9c55]" name="test" duration-ms="43440" started-at="2019-01-27T01:12:47 CET" finished-at="2019-01-27T01:13:31 CET">
          <reporter-output>
          </reporter-output>
        </test-method> <!-- test -->
        <test-method status="PASS" signature="afterClass()[pri:0, instance:Main@69d9c55]" name="afterClass" is-config="true" duration-ms="5560" started-at="2019-01-27T01:13:31 CET" finished-at="2019-01-27T01:13:36 CET">
          <reporter-output>
          </reporter-output>
        </test-method> <!-- afterClass -->
      </class> <!-- Main -->
    </test> <!-- Smoke test -->
  </suite> <!-- Automation Testing -->
</testng-results>
